<?xml version="1.0" encoding="UTF-8"?>
<!-- Generated by org.testng.reporters.JUnitXMLReporter -->
<testsuite ignored="0" hostname="DESKTOP-2VSQOTC" failures="0" tests="4" name="Test" time="5.344" errors="0" timestamp="2022-07-28T18:52:40 IST">
  <testcase classname="TestngDemo.GroupTestDemo" name="launchBrowser" time="4.703"/>
  <testcase classname="TestngDemo.GroupTestDemo" name="checkTitle" time="0.041"/>
  <testcase classname="TestngDemo.GroupTestDemo" name="login" time="0.352"/>
  <testcase classname="TestngDemo.GroupTestDemo" name="tearDown" time="0.163"/>
</testsuite> <!-- Test -->
